d:\hr-second=semester=2023\computer graphics\lastassigmentplease\opengl3dsimplemaze\obj\x64\debug\camera.obj
d:\hr-second=semester=2023\computer graphics\lastassigmentplease\opengl3dsimplemaze\obj\x64\debug\cameracomponent.obj
d:\hr-second=semester=2023\computer graphics\lastassigmentplease\opengl3dsimplemaze\obj\x64\debug\cubefigure.obj
d:\hr-second=semester=2023\computer graphics\lastassigmentplease\opengl3dsimplemaze\obj\x64\debug\ebo.obj
d:\hr-second=semester=2023\computer graphics\lastassigmentplease\opengl3dsimplemaze\obj\x64\debug\ecs.obj
d:\hr-second=semester=2023\computer graphics\lastassigmentplease\opengl3dsimplemaze\obj\x64\debug\figurecomponent.obj
d:\hr-second=semester=2023\computer graphics\lastassigmentplease\opengl3dsimplemaze\obj\x64\debug\game.obj
d:\hr-second=semester=2023\computer graphics\lastassigmentplease\opengl3dsimplemaze\obj\x64\debug\main.obj
d:\hr-second=semester=2023\computer graphics\lastassigmentplease\opengl3dsimplemaze\obj\x64\debug\maincamera.obj
d:\hr-second=semester=2023\computer graphics\lastassigmentplease\opengl3dsimplemaze\obj\x64\debug\matrices.obj
d:\hr-second=semester=2023\computer graphics\lastassigmentplease\opengl3dsimplemaze\obj\x64\debug\physics.obj
d:\hr-second=semester=2023\computer graphics\lastassigmentplease\opengl3dsimplemaze\obj\x64\debug\planefigure.obj
d:\hr-second=semester=2023\computer graphics\lastassigmentplease\opengl3dsimplemaze\obj\x64\debug\point.obj
d:\hr-second=semester=2023\computer graphics\lastassigmentplease\opengl3dsimplemaze\obj\x64\debug\rayfigure.obj
d:\hr-second=semester=2023\computer graphics\lastassigmentplease\opengl3dsimplemaze\obj\x64\debug\shaderclass.obj
d:\hr-second=semester=2023\computer graphics\lastassigmentplease\opengl3dsimplemaze\obj\x64\debug\stb.obj
d:\hr-second=semester=2023\computer graphics\lastassigmentplease\opengl3dsimplemaze\obj\x64\debug\texture.obj
d:\hr-second=semester=2023\computer graphics\lastassigmentplease\opengl3dsimplemaze\obj\x64\debug\transformcomponent.obj
d:\hr-second=semester=2023\computer graphics\lastassigmentplease\opengl3dsimplemaze\obj\x64\debug\triangulefigure.obj
d:\hr-second=semester=2023\computer graphics\lastassigmentplease\opengl3dsimplemaze\obj\x64\debug\vao.obj
d:\hr-second=semester=2023\computer graphics\lastassigmentplease\opengl3dsimplemaze\obj\x64\debug\vbo.obj
d:\hr-second=semester=2023\computer graphics\lastassigmentplease\opengl3dsimplemaze\obj\x64\debug\vector3d.obj
d:\hr-second=semester=2023\computer graphics\lastassigmentplease\opengl3dsimplemaze\obj\x64\debug\vc143.idb
d:\hr-second=semester=2023\computer graphics\lastassigmentplease\opengl3dsimplemaze\obj\x64\debug\vc143.pdb
d:\hr-second=semester=2023\computer graphics\lastassigmentplease\opengl3dsimplemaze\obj\x64\debug\3dopenglentry.tlog\cl.command.1.tlog
